[2025-12-09 11:09:42,385] [DEBUG] [ensure_pk_log_initialized.py:84] [__________________________________________________________________ ]
[2025-12-09 11:09:42,386] [DEBUG] [ensure_pk_log_initialized.py:85] [루트 로거 레벨: DEBUG]
[2025-12-09 11:09:42,387] [DEBUG] [ensure_pk_log_initialized.py:86] [루트 로거 핸들러 수: 2]
[2025-12-09 11:09:42,388] [DEBUG] [ensure_pk_log_initialized.py:88] [핸들러 0:]
[2025-12-09 11:09:42,389] [DEBUG] [ensure_pk_log_initialized.py:89] [타입: <class 'logging.FileHandler'>]
[2025-12-09 11:09:42,389] [DEBUG] [ensure_pk_log_initialized.py:90] [레벨: NOTSET]
[2025-12-09 11:09:42,390] [DEBUG] [ensure_pk_log_initialized.py:92] [포맷터: <class 'pk_internal_tools.pk_functions.ansi_stripping_formatter.AnsiStrippingFormatter'>]
[2025-12-09 11:09:42,390] [DEBUG] [ensure_pk_log_initialized.py:88] [핸들러 1:]
[2025-12-09 11:09:42,391] [DEBUG] [ensure_pk_log_initialized.py:89] [타입: <class 'logging.StreamHandler'>]
[2025-12-09 11:09:42,391] [DEBUG] [ensure_pk_log_initialized.py:90] [레벨: DEBUG]
[2025-12-09 11:09:42,392] [DEBUG] [ensure_pk_log_initialized.py:92] [포맷터: <class 'pk_internal_tools.pk_objects.pk_colorful_logging_formatter.PkColorfulLoggingFormatter'>]
[2025-12-09 11:09:42,392] [DEBUG] [ensure_pk_log_initialized.py:95] [__________________________________________________________________ ]
[2025-12-09 11:09:42,392] [DEBUG] [ensure_pk_log_initialized.py:103] [pk_system logging started at C:\Users\USER\Desktop\박정훈\auto_flow\pk_logs\pk_system.log]
[2025-12-09 11:09:42,393] [DEBUG] [ensure_seconds_measured.py:30] [elapsed_seconds= 1.3944 at ensure_pk_log_initialized()]
[2025-12-09 11:09:42,394] [DEBUG] [ensure_seconds_measured.py:30] [elapsed_seconds= 0.0002 at ensure_window_title_replaced()]
[2025-12-09 11:09:42,394] [DEBUG] [ensure_seconds_measured.py:30] [elapsed_seconds= 0.0006 at ensure_pk_wrapper_starter_window_title_replaced()]
[2025-12-09 11:09:42,395] [INFO] [pk_windows_state_manager.py:87] [윈도우 캐시 업데이트 스레드가 백그라운드에서 시작되었습니다.]
[2025-12-09 11:09:42,396] [INFO] [ensure_pk_starting_routine_done.py:38] [백그라운드 윈도우 업데이트 스레드가 시작되었습니다.]
[2025-12-09 11:09:42,397] [INFO] [pk_windows_state_manager.py:45] [윈도우 캐시 업데이트 스레드 시작.]
[2025-12-09 11:09:42,613] [DEBUG] [ensure_seconds_measured.py:30] [elapsed_seconds= 1.8547 at ensure_pk_starting_routine_done()]
[2025-12-09 11:09:42,614] [DEBUG] [ensure_seconds_measured.py:30] [elapsed_seconds= 0.0003 at ensure_window_title_replaced()]
[2025-12-09 11:09:42,615] [INFO] [ekiss mail 열기.py:84] [Huvitz Mail 열기 스크립트 실행 시작.]
[2025-12-09 11:09:42,619] [DEBUG] [ensure_spoken.py:8] [ensure_spoken.py 모듈 로드 시작.]
[2025-12-09 11:09:42,748] [INFO] [pk_spoken_manager.py:231] [Pygame mixer initialized successfully in SpokenManager.]
[2025-12-09 11:09:42,749] [DEBUG] [pk_spoken_manager.py:242] [SpokenManager initialized.]
[2025-12-09 11:09:42,778] [INFO] [ensure_pk_env_file_setup.py:37] [pk_system 루트경로 선택됨: C:\Users\USER\Desktop\박정훈\auto_flow]
[2025-12-09 11:09:42,779] [INFO] [ensure_pk_env_file_setup.py:54] [환경 변수 'PK_EXTERNAL_PROJECT_ROOT'를 사용합니다: C:\Users\USER\Desktop\박정훈\auto_flow]
[2025-12-09 11:09:42,780] [DEBUG] [ensure_pk_env_file_setup.py:86] [.env 파일 경로가 결정되었습니다: C:\Users\USER\Desktop\박정훈\.env]
[2025-12-09 11:09:42,782] [DEBUG] [ensure_pk_env_file_setup.py:94] [env file is used (C:\Users\USER\Desktop\박정훈\.env)]
[2025-12-09 11:09:42,782] [DEBUG] [ensure_seconds_measured.py:30] [elapsed_seconds= 0.0308 at ensure_pk_env_file_setup()]
[2025-12-09 11:09:42,783] [WARNING] [ensure_env_var_completed_2025_11_24.py:53] [Environment variable 'EKISS_LOGIN_URL' not found.]
